#! /usr/local/bin/vvp
:ivl_version "12.0 (devel)" "(s20150603-952-g8f873719)";
:ivl_delay_selection "TYPICAL";
:vpi_time_precision + 0;
:vpi_module "/usr/local/lib/ivl/system.vpi";
:vpi_module "/usr/local/lib/ivl/vhdl_sys.vpi";
:vpi_module "/usr/local/lib/ivl/vhdl_textio.vpi";
:vpi_module "/usr/local/lib/ivl/v2005_math.vpi";
:vpi_module "/usr/local/lib/ivl/va_math.vpi";
S_0x1b42690 .scope module, "main" "main" 2 1;
 .timescale 0 0;
    .scope S_0x1b42690;
T_0 ;
    %vpi_call 2 5 "$display", "Hi there" {0 0 0};
    %vpi_call 2 6 "$finish" {0 0 0};
    %end;
    .thread T_0;
# The file index is used to find the file name in the following table.
:file_names 3;
    "N/A";
    "<interactive>";
    "hello.v";
